<?xml version="1.0" encoding="UTF-8"?>
<!-- Generated by org.testng.reporters.JUnitReportReporter -->
<testsuite skipped="0" hostname="LAPTOP-C5BUGUMH" name="Task1Ferline" tests="1" failures="0" timestamp="2023-01-04T11:34:44 IST" time="82.494" errors="0">
  <testcase name="ferline" time="82.494" classname="Task1Ferline"/>
  <system-out/>
</testsuite> <!-- Task1Ferline -->
